<?xml version="1.0" encoding="UTF-8"?>
<TestRun id="b006765b-975a-44d9-979e-3695aab19080" name="Neidycita@NEIDY 2019-08-17 10:41:41" runUser="Neidy\Neidycita" xmlns="http://microsoft.com/schemas/VisualStudio/TeamTest/2006">
  <TestRunConfiguration name="Local Test Run" id="4fecd580-fa83-4c39-bfa3-6eb465bb45be">
    <Description>This is a default test run configuration for a local test run.</Description>
    <Deployment runDeploymentRoot="C:\Users\Neidycita\Documents\GitHub\GoL_EverthAmaya\tpGoL\TestResults\Neidycita_NEIDY 2019-08-17 10_41_41">
      <DeploymentItem filename="C:\Users\Neidycita\Documents\GitHub\GoL_EverthAmaya\tpGoL\caGOLeamaya\bin\Debug\caGOLeamaya.exe" />
    </Deployment>
    <TestTypeSpecific />
  </TestRunConfiguration>
  <ResultSummary outcome="Completed">
    <Counters total="6" executed="6" passed="6" error="0" failed="0" timeout="0" aborted="0" inconclusive="0" passedButRunAborted="0" notRunnable="0" notExecuted="0" disconnected="0" warning="0" completed="0" inProgress="0" pending="0" />
  </ResultSummary>
  <Times creation="2019-08-17T10:41:41.2582680-04:00" queuing="2019-08-17T10:41:43.2212734-04:00" start="2019-08-17T10:41:43.3618938-04:00" finish="2019-08-17T10:41:46.3051663-04:00" />
  <TestDefinitions>
    <UnitTest name="TestEstaVivaConMasDeVecinosVivos" storage="c:\users\neidycita\documents\github\gol_everthamaya\tpgol\tpgol\bin\debug\tpgol.dll" id="e7672e9e-001c-1fcd-6a86-7bb5aaaac17f">
      <Css projectStructure="" iteration="" />
      <Owners>
        <Owner name="" />
      </Owners>
      <Execution id="24182cbd-87fd-406d-8215-ce08c56e0d32" />
      <TestMethod codeBase="C:\Users\Neidycita\Documents\GitHub\GoL_EverthAmaya\tpGoL\tpGoL\bin\Debug\tpGoL.dll" adapterTypeName="Microsoft.VisualStudio.TestTools.TestTypes.Unit.UnitTestAdapter, Microsoft.VisualStudio.QualityTools.Tips.UnitTest.Adapter, Version=9.0.0.0, Culture=neutral, PublicKeyToken=b03f5f7f11d50a3a" className="tpGoL.UnitTest1, tpGoL" name="TestEstaVivaConMasDeVecinosVivos" />
    </UnitTest>
    <UnitTest name="TestEstaVivaConMenosDeDosVecinosVivos" storage="c:\users\neidycita\documents\github\gol_everthamaya\tpgol\tpgol\bin\debug\tpgol.dll" id="050686cc-1fb9-8126-47b4-89796870e68b">
      <Css projectStructure="" iteration="" />
      <Owners>
        <Owner name="" />
      </Owners>
      <Execution id="34379467-9cb3-42bd-85f7-be75e3181877" />
      <TestMethod codeBase="C:\Users\Neidycita\Documents\GitHub\GoL_EverthAmaya\tpGoL\tpGoL\bin\Debug\tpGoL.dll" adapterTypeName="Microsoft.VisualStudio.TestTools.TestTypes.Unit.UnitTestAdapter, Microsoft.VisualStudio.QualityTools.Tips.UnitTest.Adapter, Version=9.0.0.0, Culture=neutral, PublicKeyToken=b03f5f7f11d50a3a" className="tpGoL.UnitTest1, tpGoL" name="TestEstaVivaConMenosDeDosVecinosVivos" />
    </UnitTest>
    <UnitTest name="TestMethod1" storage="c:\users\neidycita\documents\github\gol_everthamaya\tpgol\tpgol\bin\debug\tpgol.dll" id="69daf279-0084-93aa-9ef3-7f2284b2e791">
      <Css projectStructure="" iteration="" />
      <Owners>
        <Owner name="" />
      </Owners>
      <Execution id="8601ee7a-8d80-46a1-8188-2c442b5ad7e8" />
      <TestMethod codeBase="C:\Users\Neidycita\Documents\GitHub\GoL_EverthAmaya\tpGoL\tpGoL\bin\Debug\tpGoL.dll" adapterTypeName="Microsoft.VisualStudio.TestTools.TestTypes.Unit.UnitTestAdapter, Microsoft.VisualStudio.QualityTools.Tips.UnitTest.Adapter, Version=9.0.0.0, Culture=neutral, PublicKeyToken=b03f5f7f11d50a3a" className="tpGoL.UnitTest1, tpGoL" name="TestMethod1" />
    </UnitTest>
    <UnitTest name="TestEstaMuertoConExactamenteTresVecinosVivos" storage="c:\users\neidycita\documents\github\gol_everthamaya\tpgol\tpgol\bin\debug\tpgol.dll" id="31411d46-63c0-fe5c-127c-e2c707e89e7d">
      <Css projectStructure="" iteration="" />
      <Owners>
        <Owner name="" />
      </Owners>
      <Execution id="7af8d950-4fa5-482f-a00b-a6abe30b618e" />
      <TestMethod codeBase="C:\Users\Neidycita\Documents\GitHub\GoL_EverthAmaya\tpGoL\tpGoL\bin\Debug\tpGoL.dll" adapterTypeName="Microsoft.VisualStudio.TestTools.TestTypes.Unit.UnitTestAdapter, Microsoft.VisualStudio.QualityTools.Tips.UnitTest.Adapter, Version=9.0.0.0, Culture=neutral, PublicKeyToken=b03f5f7f11d50a3a" className="tpGoL.UnitTest1, tpGoL" name="TestEstaMuertoConExactamenteTresVecinosVivos" />
    </UnitTest>
    <UnitTest name="TestGrillaVacia" storage="c:\users\neidycita\documents\github\gol_everthamaya\tpgol\tpgol\bin\debug\tpgol.dll" id="5ac29d0e-96e4-0454-4d59-7407042c1e16">
      <Css projectStructure="" iteration="" />
      <Owners>
        <Owner name="" />
      </Owners>
      <Execution id="3a3e03a4-2a50-494b-9ca0-09ae6e3e3209" />
      <TestMethod codeBase="C:\Users\Neidycita\Documents\GitHub\GoL_EverthAmaya\tpGoL\tpGoL\bin\Debug\tpGoL.dll" adapterTypeName="Microsoft.VisualStudio.TestTools.TestTypes.Unit.UnitTestAdapter, Microsoft.VisualStudio.QualityTools.Tips.UnitTest.Adapter, Version=9.0.0.0, Culture=neutral, PublicKeyToken=b03f5f7f11d50a3a" className="tpGoL.UnitTest1, tpGoL" name="TestGrillaVacia" />
    </UnitTest>
    <UnitTest name="TestEstaVivaConDosOrTresVecinosVivos" storage="c:\users\neidycita\documents\github\gol_everthamaya\tpgol\tpgol\bin\debug\tpgol.dll" id="607063c9-5ec1-d089-74e9-62722376f246">
      <Css projectStructure="" iteration="" />
      <Owners>
        <Owner name="" />
      </Owners>
      <Execution id="487cc2f3-ff63-47d5-afd3-2970343d104a" />
      <TestMethod codeBase="C:\Users\Neidycita\Documents\GitHub\GoL_EverthAmaya\tpGoL\tpGoL\bin\Debug\tpGoL.dll" adapterTypeName="Microsoft.VisualStudio.TestTools.TestTypes.Unit.UnitTestAdapter, Microsoft.VisualStudio.QualityTools.Tips.UnitTest.Adapter, Version=9.0.0.0, Culture=neutral, PublicKeyToken=b03f5f7f11d50a3a" className="tpGoL.UnitTest1, tpGoL" name="TestEstaVivaConDosOrTresVecinosVivos" />
    </UnitTest>
  </TestDefinitions>
  <TestLists>
    <TestList name="Results Not in a List" id="8c84fa94-04c1-424b-9868-57a2d4851a1d" />
    <TestList name="All Loaded Results" id="19431567-8539-422a-85d7-44ee4e166bda" />
  </TestLists>
  <TestEntries>
    <TestEntry testId="69daf279-0084-93aa-9ef3-7f2284b2e791" executionId="8601ee7a-8d80-46a1-8188-2c442b5ad7e8" testListId="8c84fa94-04c1-424b-9868-57a2d4851a1d" />
    <TestEntry testId="5ac29d0e-96e4-0454-4d59-7407042c1e16" executionId="3a3e03a4-2a50-494b-9ca0-09ae6e3e3209" testListId="8c84fa94-04c1-424b-9868-57a2d4851a1d" />
    <TestEntry testId="050686cc-1fb9-8126-47b4-89796870e68b" executionId="34379467-9cb3-42bd-85f7-be75e3181877" testListId="8c84fa94-04c1-424b-9868-57a2d4851a1d" />
    <TestEntry testId="607063c9-5ec1-d089-74e9-62722376f246" executionId="487cc2f3-ff63-47d5-afd3-2970343d104a" testListId="8c84fa94-04c1-424b-9868-57a2d4851a1d" />
    <TestEntry testId="e7672e9e-001c-1fcd-6a86-7bb5aaaac17f" executionId="24182cbd-87fd-406d-8215-ce08c56e0d32" testListId="8c84fa94-04c1-424b-9868-57a2d4851a1d" />
    <TestEntry testId="31411d46-63c0-fe5c-127c-e2c707e89e7d" executionId="7af8d950-4fa5-482f-a00b-a6abe30b618e" testListId="8c84fa94-04c1-424b-9868-57a2d4851a1d" />
  </TestEntries>
  <Results>
    <UnitTestResult executionId="8601ee7a-8d80-46a1-8188-2c442b5ad7e8" testId="69daf279-0084-93aa-9ef3-7f2284b2e791" testName="TestMethod1" computerName="NEIDY" duration="00:00:00.0193295" startTime="2019-08-17T10:41:43.4869022-04:00" endTime="2019-08-17T10:41:43.6743939-04:00" testType="13cdc9d9-ddb5-4fa4-a97d-d965ccfc6d4b" outcome="Passed" testListId="8c84fa94-04c1-424b-9868-57a2d4851a1d">
      <Output>
      </Output>
    </UnitTestResult>
    <UnitTestResult executionId="3a3e03a4-2a50-494b-9ca0-09ae6e3e3209" testId="5ac29d0e-96e4-0454-4d59-7407042c1e16" testName="TestGrillaVacia" computerName="NEIDY" duration="00:00:00.0015883" startTime="2019-08-17T10:41:43.7056473-04:00" endTime="2019-08-17T10:41:43.7212717-04:00" testType="13cdc9d9-ddb5-4fa4-a97d-d965ccfc6d4b" outcome="Passed" testListId="8c84fa94-04c1-424b-9868-57a2d4851a1d">
      <Output>
      </Output>
    </UnitTestResult>
    <UnitTestResult executionId="34379467-9cb3-42bd-85f7-be75e3181877" testId="050686cc-1fb9-8126-47b4-89796870e68b" testName="TestEstaVivaConMenosDeDosVecinosVivos" computerName="NEIDY" duration="00:00:00.0023114" startTime="2019-08-17T10:41:43.7212717-04:00" endTime="2019-08-17T10:41:43.7368969-04:00" testType="13cdc9d9-ddb5-4fa4-a97d-d965ccfc6d4b" outcome="Passed" testListId="8c84fa94-04c1-424b-9868-57a2d4851a1d">
      <Output>
      </Output>
    </UnitTestResult>
    <UnitTestResult executionId="487cc2f3-ff63-47d5-afd3-2970343d104a" testId="607063c9-5ec1-d089-74e9-62722376f246" testName="TestEstaVivaConDosOrTresVecinosVivos" computerName="NEIDY" duration="00:00:00.0005880" startTime="2019-08-17T10:41:43.7368969-04:00" endTime="2019-08-17T10:41:43.7525212-04:00" testType="13cdc9d9-ddb5-4fa4-a97d-d965ccfc6d4b" outcome="Passed" testListId="8c84fa94-04c1-424b-9868-57a2d4851a1d">
      <Output>
      </Output>
    </UnitTestResult>
    <UnitTestResult executionId="24182cbd-87fd-406d-8215-ce08c56e0d32" testId="e7672e9e-001c-1fcd-6a86-7bb5aaaac17f" testName="TestEstaVivaConMasDeVecinosVivos" computerName="NEIDY" duration="00:00:00.0004618" startTime="2019-08-17T10:41:43.7525212-04:00" endTime="2019-08-17T10:41:43.7837721-04:00" testType="13cdc9d9-ddb5-4fa4-a97d-d965ccfc6d4b" outcome="Passed" testListId="8c84fa94-04c1-424b-9868-57a2d4851a1d">
      <Output>
      </Output>
    </UnitTestResult>
    <UnitTestResult executionId="7af8d950-4fa5-482f-a00b-a6abe30b618e" testId="31411d46-63c0-fe5c-127c-e2c707e89e7d" testName="TestEstaMuertoConExactamenteTresVecinosVivos" computerName="NEIDY" duration="00:00:02.3879221" startTime="2019-08-17T10:41:43.8150233-04:00" endTime="2019-08-17T10:41:46.1957903-04:00" testType="13cdc9d9-ddb5-4fa4-a97d-d965ccfc6d4b" outcome="Passed" testListId="8c84fa94-04c1-424b-9868-57a2d4851a1d">
      <Output>
      </Output>
    </UnitTestResult>
  </Results>
</TestRun>