<?xml version="1.0" encoding="UTF-8"?>
<TestRun id="1bf61a02-fc1c-4290-a235-e3cb4d243ca0" name="Neidycita@NEIDY 2019-08-17 01:59:50" runUser="Neidy\Neidycita" xmlns="http://microsoft.com/schemas/VisualStudio/TeamTest/2006">
  <TestRunConfiguration name="Local Test Run" id="4fecd580-fa83-4c39-bfa3-6eb465bb45be">
    <Description>This is a default test run configuration for a local test run.</Description>
    <Deployment runDeploymentRoot="C:\Users\Neidycita\Documents\GitHub\GoL_EverthAmaya\tpGoL\TestResults\Neidycita_NEIDY 2019-08-17 01_59_50">
      <DeploymentItem filename="C:\Users\Neidycita\Documents\GitHub\GoL_EverthAmaya\tpGoL\caGOLeamaya\bin\Debug\caGOLeamaya.exe" />
    </Deployment>
    <TestTypeSpecific />
  </TestRunConfiguration>
  <ResultSummary outcome="Failed">
    <Counters total="2" executed="2" passed="1" error="0" failed="1" timeout="0" aborted="0" inconclusive="0" passedButRunAborted="0" notRunnable="0" notExecuted="0" disconnected="0" warning="0" completed="0" inProgress="0" pending="0" />
  </ResultSummary>
  <Times creation="2019-08-17T01:59:50.8035966-04:00" queuing="2019-08-17T01:59:51.8448527-04:00" start="2019-08-17T01:59:51.9854635-04:00" finish="2019-08-17T01:59:56.3394957-04:00" />
  <TestDefinitions>
    <UnitTest name="TestMethod1" storage="c:\users\neidycita\documents\github\gol_everthamaya\tpgol\tpgol\bin\debug\tpgol.dll" id="69daf279-0084-93aa-9ef3-7f2284b2e791">
      <Css projectStructure="" iteration="" />
      <Owners>
        <Owner name="" />
      </Owners>
      <Execution id="399d3d9b-e750-4a80-80e3-ccc4844fac1e" />
      <TestMethod codeBase="C:\Users\Neidycita\Documents\GitHub\GoL_EverthAmaya\tpGoL\tpGoL\bin\Debug\tpGoL.dll" adapterTypeName="Microsoft.VisualStudio.TestTools.TestTypes.Unit.UnitTestAdapter, Microsoft.VisualStudio.QualityTools.Tips.UnitTest.Adapter, Version=9.0.0.0, Culture=neutral, PublicKeyToken=b03f5f7f11d50a3a" className="tpGoL.UnitTest1, tpGoL" name="TestMethod1" />
    </UnitTest>
    <UnitTest name="TestGrillaVacia" storage="c:\users\neidycita\documents\github\gol_everthamaya\tpgol\tpgol\bin\debug\tpgol.dll" id="5ac29d0e-96e4-0454-4d59-7407042c1e16">
      <Css projectStructure="" iteration="" />
      <Owners>
        <Owner name="" />
      </Owners>
      <Execution id="5a92d9b2-27f1-477b-a5d3-6b23e5aef830" />
      <TestMethod codeBase="C:\Users\Neidycita\Documents\GitHub\GoL_EverthAmaya\tpGoL\tpGoL\bin\Debug\tpGoL.dll" adapterTypeName="Microsoft.VisualStudio.TestTools.TestTypes.Unit.UnitTestAdapter, Microsoft.VisualStudio.QualityTools.Tips.UnitTest.Adapter, Version=9.0.0.0, Culture=neutral, PublicKeyToken=b03f5f7f11d50a3a" className="tpGoL.UnitTest1, tpGoL" name="TestGrillaVacia" />
    </UnitTest>
  </TestDefinitions>
  <TestLists>
    <TestList name="Results Not in a List" id="8c84fa94-04c1-424b-9868-57a2d4851a1d" />
    <TestList name="All Loaded Results" id="19431567-8539-422a-85d7-44ee4e166bda" />
  </TestLists>
  <TestEntries>
    <TestEntry testId="69daf279-0084-93aa-9ef3-7f2284b2e791" executionId="399d3d9b-e750-4a80-80e3-ccc4844fac1e" testListId="8c84fa94-04c1-424b-9868-57a2d4851a1d" />
    <TestEntry testId="5ac29d0e-96e4-0454-4d59-7407042c1e16" executionId="5a92d9b2-27f1-477b-a5d3-6b23e5aef830" testListId="8c84fa94-04c1-424b-9868-57a2d4851a1d" />
  </TestEntries>
  <Results>
    <UnitTestResult executionId="399d3d9b-e750-4a80-80e3-ccc4844fac1e" testId="69daf279-0084-93aa-9ef3-7f2284b2e791" testName="TestMethod1" computerName="NEIDY" duration="00:00:00.0181337" startTime="2019-08-17T01:59:52.0792172-04:00" endTime="2019-08-17T01:59:52.2823616-04:00" testType="13cdc9d9-ddb5-4fa4-a97d-d965ccfc6d4b" outcome="Passed" testListId="8c84fa94-04c1-424b-9868-57a2d4851a1d">
      <Output>
      </Output>
    </UnitTestResult>
    <UnitTestResult executionId="5a92d9b2-27f1-477b-a5d3-6b23e5aef830" testId="5ac29d0e-96e4-0454-4d59-7407042c1e16" testName="TestGrillaVacia" computerName="NEIDY" duration="00:00:03.9926789" startTime="2019-08-17T01:59:52.2823616-04:00" endTime="2019-08-17T01:59:56.2769907-04:00" testType="13cdc9d9-ddb5-4fa4-a97d-d965ccfc6d4b" outcome="Failed" testListId="8c84fa94-04c1-424b-9868-57a2d4851a1d">
      <Output>
        <StdOut>-------------------------
0 0 0 0 0 0 0 0 0 0 
0 0 0 0 0 0 0 0 0 0 
0 0 0 0 0 0 0 0 0 0 
0 0 0 0 0 0 0 0 0 0 
0 0 0 0 0 0 0 0 0 0 
0 0 0 0 0 0 0 0 0 0 
0 0 0 0 0 0 0 0 0 0 
0 0 0 0 0 0 0 0 0 0 
0 0 0 0 0 0 0 0 0 0 
0 0 0 0 0 0 0 0 0 0 
-------------------------
0 0 0 0 0 0 0 0 0 0 
0 0 0 0 0 0 0 0 0 0 
0 0 0 0 0 0 0 0 0 0 
0 0 0 0 0 0 0 0 0 0 
0 0 0 0 0 0 0 0 0 0 
0 0 0 0 0 0 0 0 0 0 
0 0 0 0 0 0 0 0 0 0 
0 0 0 0 0 0 0 0 0 0 
0 0 0 0 0 0 0 0 0 0 
0 0 0 0 0 0 0 0 0 0</StdOut>
        <ErrorInfo>
          <Message>Assert.Fail failed. -------------------------
0 0 0 0 0 0 0 0 0 0 
0 0 0 0 0 0 0 0 0 0 
0 0 0 0 0 0 0 0 0 0 
0 0 0 0 0 0 0 0 0 0 
0 0 0 0 0 0 0 0 0 0 
0 0 0 0 0 0 0 0 0 0 
0 0 0 0 0 0 0 0 0 0 
0 0 0 0 0 0 0 0 0 0 
0 0 0 0 0 0 0 0 0 0 
0 0 0 0 0 0 0 0 0 0 
</Message>
          <StackTrace>   en tpGoL.UnitTest1.TestGrillaVacia() en C:\Users\Neidycita\Documents\GitHub\GoL_EverthAmaya\tpGoL\tpGoL\UnitTest1.cs:línea 104
</StackTrace>
        </ErrorInfo>
      </Output>
    </UnitTestResult>
  </Results>
</TestRun>