<?xml version="1.0" encoding="UTF-8"?>
<TestRun id="42f4fa27-cca8-4441-9d78-0b7bcbcfa043" name="Neidycita@NEIDY 2019-08-17 09:59:43" runUser="Neidy\Neidycita" xmlns="http://microsoft.com/schemas/VisualStudio/TeamTest/2006">
  <TestRunConfiguration name="Local Test Run" id="4fecd580-fa83-4c39-bfa3-6eb465bb45be">
    <Description>This is a default test run configuration for a local test run.</Description>
    <Deployment runDeploymentRoot="C:\Users\Neidycita\Documents\GitHub\GoL_EverthAmaya\tpGoL\TestResults\Neidycita_NEIDY 2019-08-17 09_59_43" />
    <TestTypeSpecific />
  </TestRunConfiguration>
  <ResultSummary outcome="Error">
    <Counters total="5" executed="5" passed="4" error="0" failed="0" timeout="0" aborted="1" inconclusive="0" passedButRunAborted="0" notRunnable="0" notExecuted="0" disconnected="0" warning="0" completed="0" inProgress="0" pending="0" />
    <RunInfos>
      <RunInfo computerName="NEIDY" outcome="Error" timestamp="2019-08-17T10:00:16.7423439-04:00">
        <Text>Test host process exited unexpectedly.</Text>
      </RunInfo>
    </RunInfos>
  </ResultSummary>
  <Times creation="2019-08-17T09:59:43.8372425-04:00" queuing="2019-08-17T09:59:46.6786512-04:00" start="2019-08-17T09:59:46.9755283-04:00" finish="2019-08-17T10:00:16.7423439-04:00" />
  <TestDefinitions>
    <UnitTest name="TestEstaVivaConMasDeVecinosVivos" storage="c:\users\neidycita\documents\github\gol_everthamaya\tpgol\tpgol\bin\release\tpgol.dll" id="e7672e9e-001c-1fcd-6a86-7bb5aaaac17f">
      <Css projectStructure="" iteration="" />
      <Owners>
        <Owner name="" />
      </Owners>
      <TestMethod codeBase="C:\Users\Neidycita\Documents\GitHub\GoL_EverthAmaya\tpGoL\tpGoL\bin\Release\tpGoL.dll" adapterTypeName="Microsoft.VisualStudio.TestTools.TestTypes.Unit.UnitTestAdapter, Microsoft.VisualStudio.QualityTools.Tips.UnitTest.Adapter, Version=9.0.0.0, Culture=neutral, PublicKeyToken=b03f5f7f11d50a3a" className="tpGoL.UnitTest1, tpGoL" name="TestEstaVivaConMasDeVecinosVivos" />
    </UnitTest>
    <UnitTest name="TestEstaVivaConMenosDeDosVecinosVivos" storage="c:\users\neidycita\documents\github\gol_everthamaya\tpgol\tpgol\bin\release\tpgol.dll" id="050686cc-1fb9-8126-47b4-89796870e68b">
      <Css projectStructure="" iteration="" />
      <Owners>
        <Owner name="" />
      </Owners>
      <Execution id="e226b951-db99-4dab-90fe-eb26ef5cb53a" />
      <TestMethod codeBase="C:\Users\Neidycita\Documents\GitHub\GoL_EverthAmaya\tpGoL\tpGoL\bin\Release\tpGoL.dll" adapterTypeName="Microsoft.VisualStudio.TestTools.TestTypes.Unit.UnitTestAdapter, Microsoft.VisualStudio.QualityTools.Tips.UnitTest.Adapter, Version=9.0.0.0, Culture=neutral, PublicKeyToken=b03f5f7f11d50a3a" className="tpGoL.UnitTest1, tpGoL" name="TestEstaVivaConMenosDeDosVecinosVivos" />
    </UnitTest>
    <UnitTest name="TestMethod1" storage="c:\users\neidycita\documents\github\gol_everthamaya\tpgol\tpgol\bin\release\tpgol.dll" id="69daf279-0084-93aa-9ef3-7f2284b2e791">
      <Css projectStructure="" iteration="" />
      <Owners>
        <Owner name="" />
      </Owners>
      <Execution id="93763fee-61ba-4f93-a674-af58f779f930" />
      <TestMethod codeBase="C:\Users\Neidycita\Documents\GitHub\GoL_EverthAmaya\tpGoL\tpGoL\bin\Release\tpGoL.dll" adapterTypeName="Microsoft.VisualStudio.TestTools.TestTypes.Unit.UnitTestAdapter, Microsoft.VisualStudio.QualityTools.Tips.UnitTest.Adapter, Version=9.0.0.0, Culture=neutral, PublicKeyToken=b03f5f7f11d50a3a" className="tpGoL.UnitTest1, tpGoL" name="TestMethod1" />
    </UnitTest>
    <UnitTest name="TestGrillaVacia" storage="c:\users\neidycita\documents\github\gol_everthamaya\tpgol\tpgol\bin\release\tpgol.dll" id="5ac29d0e-96e4-0454-4d59-7407042c1e16">
      <Css projectStructure="" iteration="" />
      <Owners>
        <Owner name="" />
      </Owners>
      <Execution id="dfd45774-eeda-4c8a-a6b7-65a89d7daf2f" />
      <TestMethod codeBase="C:\Users\Neidycita\Documents\GitHub\GoL_EverthAmaya\tpGoL\tpGoL\bin\Release\tpGoL.dll" adapterTypeName="Microsoft.VisualStudio.TestTools.TestTypes.Unit.UnitTestAdapter, Microsoft.VisualStudio.QualityTools.Tips.UnitTest.Adapter, Version=9.0.0.0, Culture=neutral, PublicKeyToken=b03f5f7f11d50a3a" className="tpGoL.UnitTest1, tpGoL" name="TestGrillaVacia" />
    </UnitTest>
    <UnitTest name="TestEstaVivaConDosOrTresVecinosVivos" storage="c:\users\neidycita\documents\github\gol_everthamaya\tpgol\tpgol\bin\release\tpgol.dll" id="607063c9-5ec1-d089-74e9-62722376f246">
      <Css projectStructure="" iteration="" />
      <Owners>
        <Owner name="" />
      </Owners>
      <Execution id="dd8cf53f-1d13-4ee3-b2ea-a0de45e9baa8" />
      <TestMethod codeBase="C:\Users\Neidycita\Documents\GitHub\GoL_EverthAmaya\tpGoL\tpGoL\bin\Release\tpGoL.dll" adapterTypeName="Microsoft.VisualStudio.TestTools.TestTypes.Unit.UnitTestAdapter, Microsoft.VisualStudio.QualityTools.Tips.UnitTest.Adapter, Version=9.0.0.0, Culture=neutral, PublicKeyToken=b03f5f7f11d50a3a" className="tpGoL.UnitTest1, tpGoL" name="TestEstaVivaConDosOrTresVecinosVivos" />
    </UnitTest>
  </TestDefinitions>
  <TestLists>
    <TestList name="Results Not in a List" id="8c84fa94-04c1-424b-9868-57a2d4851a1d" />
    <TestList name="All Loaded Results" id="19431567-8539-422a-85d7-44ee4e166bda" />
  </TestLists>
  <TestEntries>
    <TestEntry testId="69daf279-0084-93aa-9ef3-7f2284b2e791" executionId="93763fee-61ba-4f93-a674-af58f779f930" testListId="8c84fa94-04c1-424b-9868-57a2d4851a1d" />
    <TestEntry testId="5ac29d0e-96e4-0454-4d59-7407042c1e16" executionId="dfd45774-eeda-4c8a-a6b7-65a89d7daf2f" testListId="8c84fa94-04c1-424b-9868-57a2d4851a1d" />
    <TestEntry testId="050686cc-1fb9-8126-47b4-89796870e68b" executionId="e226b951-db99-4dab-90fe-eb26ef5cb53a" testListId="8c84fa94-04c1-424b-9868-57a2d4851a1d" />
    <TestEntry testId="607063c9-5ec1-d089-74e9-62722376f246" executionId="dd8cf53f-1d13-4ee3-b2ea-a0de45e9baa8" testListId="8c84fa94-04c1-424b-9868-57a2d4851a1d" />
    <TestEntry testId="e7672e9e-001c-1fcd-6a86-7bb5aaaac17f" executionId="036b10f5-2752-486d-a08c-8fb7e6548799" testListId="8c84fa94-04c1-424b-9868-57a2d4851a1d" />
  </TestEntries>
  <Results>
    <UnitTestResult executionId="93763fee-61ba-4f93-a674-af58f779f930" testId="69daf279-0084-93aa-9ef3-7f2284b2e791" testName="TestMethod1" computerName="NEIDY" duration="00:00:00.0395563" startTime="2019-08-17T09:59:47.1161573-04:00" endTime="2019-08-17T09:59:47.4755549-04:00" testType="13cdc9d9-ddb5-4fa4-a97d-d965ccfc6d4b" outcome="Passed" testListId="8c84fa94-04c1-424b-9868-57a2d4851a1d">
      <Output>
      </Output>
    </UnitTestResult>
    <UnitTestResult executionId="dfd45774-eeda-4c8a-a6b7-65a89d7daf2f" testId="5ac29d0e-96e4-0454-4d59-7407042c1e16" testName="TestGrillaVacia" computerName="NEIDY" duration="00:00:00.0014754" startTime="2019-08-17T09:59:47.5067852-04:00" endTime="2019-08-17T09:59:47.5381497-04:00" testType="13cdc9d9-ddb5-4fa4-a97d-d965ccfc6d4b" outcome="Passed" testListId="8c84fa94-04c1-424b-9868-57a2d4851a1d">
      <Output>
      </Output>
    </UnitTestResult>
    <UnitTestResult executionId="e226b951-db99-4dab-90fe-eb26ef5cb53a" testId="050686cc-1fb9-8126-47b4-89796870e68b" testName="TestEstaVivaConMenosDeDosVecinosVivos" computerName="NEIDY" duration="00:00:00.0011850" startTime="2019-08-17T09:59:47.5381497-04:00" endTime="2019-08-17T09:59:47.5537715-04:00" testType="13cdc9d9-ddb5-4fa4-a97d-d965ccfc6d4b" outcome="Passed" testListId="8c84fa94-04c1-424b-9868-57a2d4851a1d">
      <Output>
      </Output>
    </UnitTestResult>
    <UnitTestResult executionId="dd8cf53f-1d13-4ee3-b2ea-a0de45e9baa8" testId="607063c9-5ec1-d089-74e9-62722376f246" testName="TestEstaVivaConDosOrTresVecinosVivos" computerName="NEIDY" duration="00:00:00.0003853" startTime="2019-08-17T09:59:47.5537715-04:00" endTime="2019-08-17T09:59:47.5537715-04:00" testType="13cdc9d9-ddb5-4fa4-a97d-d965ccfc6d4b" outcome="Passed" testListId="8c84fa94-04c1-424b-9868-57a2d4851a1d">
      <Output>
      </Output>
    </UnitTestResult>
    <UnitTestResult executionId="036b10f5-2752-486d-a08c-8fb7e6548799" testId="e7672e9e-001c-1fcd-6a86-7bb5aaaac17f" testName="TestEstaVivaConMasDeVecinosVivos" computerName="NEIDY" duration="00:00:29.1729643" startTime="2019-08-17T09:59:47.5693796-04:00" endTime="2019-08-17T10:00:16.7423439-04:00" testType="13cdc9d9-ddb5-4fa4-a97d-d965ccfc6d4b" outcome="Aborted" testListId="8c84fa94-04c1-424b-9868-57a2d4851a1d">
    </UnitTestResult>
  </Results>
</TestRun>