<?xml version="1.0" encoding="UTF-8"?>
<TestRun id="664e8f02-1ea6-441f-90f2-941a2cd4633a" name="Neidycita@NEIDY 2019-08-17 00:23:08" runUser="Neidy\Neidycita" xmlns="http://microsoft.com/schemas/VisualStudio/TeamTest/2006">
  <TestRunConfiguration name="Local Test Run" id="4fecd580-fa83-4c39-bfa3-6eb465bb45be">
    <Description>This is a default test run configuration for a local test run.</Description>
    <Deployment runDeploymentRoot="C:\Users\Neidycita\Documents\Visual Studio 2008\Projects\tpGoL\TestResults\Neidycita_NEIDY 2019-08-17 00_23_08" />
    <TestTypeSpecific />
  </TestRunConfiguration>
  <ResultSummary outcome="Error">
    <Counters total="1" executed="1" error="1" failed="0" timeout="0" aborted="0" inconclusive="0" passedButRunAborted="0" notRunnable="0" notExecuted="0" disconnected="0" warning="0" passed="0" completed="0" inProgress="0" pending="0" />
    <RunInfos>
      <RunInfo computerName="NEIDY" outcome="Warning" timestamp="2019-08-17T00:23:10.2892927-04:00">
        <Text>The storage 'c:\users\neidycita\documents\visual studio 2008\projects\tpgol\tpgol\bin\release\tpgol.dll' for test 'TestMethod1' with id {69daf279-0084-93aa-9ef3-7f2284b2e791} cannot be found.</Text>
      </RunInfo>
    </RunInfos>
  </ResultSummary>
  <Times creation="2019-08-17T00:23:08.8830282-04:00" queuing="2019-08-17T00:23:15.1010631-04:00" start="2019-08-17T00:23:15.5542438-04:00" finish="2019-08-17T00:23:16.0928590-04:00" />
  <TestDefinitions>
    <UnitTest name="TestMethod1" storage="c:\users\neidycita\documents\visual studio 2008\projects\tpgol\tpgol\bin\release\tpgol.dll" id="69daf279-0084-93aa-9ef3-7f2284b2e791">
      <Css projectStructure="" iteration="" />
      <Owners>
        <Owner name="" />
      </Owners>
      <Execution id="f89feaa3-535e-49e4-9715-0391cca2b6cc" />
      <TestMethod codeBase="C:\Users\Neidycita\Documents\Visual Studio 2008\Projects\tpGoL\tpGoL\bin\Release\tpGoL.dll" adapterTypeName="Microsoft.VisualStudio.TestTools.TestTypes.Unit.UnitTestAdapter, Microsoft.VisualStudio.QualityTools.Tips.UnitTest.Adapter, Version=9.0.0.0, Culture=neutral, PublicKeyToken=b03f5f7f11d50a3a" className="tpGoL.UnitTest1, tpGoL" name="TestMethod1" />
    </UnitTest>
  </TestDefinitions>
  <TestLists>
    <TestList name="Results Not in a List" id="8c84fa94-04c1-424b-9868-57a2d4851a1d" />
    <TestList name="All Loaded Results" id="19431567-8539-422a-85d7-44ee4e166bda" />
  </TestLists>
  <TestEntries>
    <TestEntry testId="69daf279-0084-93aa-9ef3-7f2284b2e791" executionId="f89feaa3-535e-49e4-9715-0391cca2b6cc" testListId="8c84fa94-04c1-424b-9868-57a2d4851a1d" />
  </TestEntries>
  <Results>
    <UnitTestResult executionId="f89feaa3-535e-49e4-9715-0391cca2b6cc" testId="69daf279-0084-93aa-9ef3-7f2284b2e791" testName="TestMethod1" computerName="NEIDY" duration="00:00:00" startTime="2019-08-17T00:23:15.7803528-04:00" endTime="2019-08-17T00:23:15.9991066-04:00" testType="13cdc9d9-ddb5-4fa4-a97d-d965ccfc6d4b" outcome="Error" testListId="8c84fa94-04c1-424b-9868-57a2d4851a1d">
      <Output>
        <ErrorInfo>
          <Message>The test assembly 'C:\Users\Neidycita\Documents\Visual Studio 2008\Projects\tpGoL\TestResults\Neidycita_NEIDY 2019-08-17 00_23_08\Out\tpGoL.dll' cannot be loaded. Error details: No se pudo encontrar el archivo 'C:\Users\Neidycita\Documents\Visual Studio 2008\Projects\tpGoL\TestResults\Neidycita_NEIDY 2019-08-17 00_23_08\Out\tpGoL.dll'.</Message>
        </ErrorInfo>
      </Output>
    </UnitTestResult>
  </Results>
</TestRun>