<?xml version="1.0" encoding="UTF-8"?>
<TestRun id="922201c9-ed07-429e-99f5-2b3f7e86d888" name="Neidycita@NEIDY 2019-08-17 01:48:39" runUser="Neidy\Neidycita" xmlns="http://microsoft.com/schemas/VisualStudio/TeamTest/2006">
  <TestRunConfiguration name="Local Test Run" id="4fecd580-fa83-4c39-bfa3-6eb465bb45be">
    <Description>This is a default test run configuration for a local test run.</Description>
    <Deployment runDeploymentRoot="C:\Users\Neidycita\Documents\GitHub\GoL_EverthAmaya\tpGoL\TestResults\Neidycita_NEIDY 2019-08-17 01_48_39">
      <DeploymentItem filename="C:\Users\Neidycita\Documents\GitHub\GoL_EverthAmaya\tpGoL\caGOLeamaya\bin\Debug\caGOLeamaya.exe" />
    </Deployment>
    <TestTypeSpecific />
  </TestRunConfiguration>
  <ResultSummary outcome="Error">
    <Counters total="2" executed="2" passed="1" error="0" failed="0" timeout="0" aborted="1" inconclusive="0" passedButRunAborted="0" notRunnable="0" notExecuted="0" disconnected="0" warning="0" completed="0" inProgress="0" pending="0" />
    <RunInfos>
      <RunInfo computerName="NEIDY" outcome="Error" timestamp="2019-08-17T01:48:58.4454752-04:00">
        <Text>Test host process exited unexpectedly.</Text>
      </RunInfo>
    </RunInfos>
  </ResultSummary>
  <Times creation="2019-08-17T01:48:39.2581496-04:00" queuing="2019-08-17T01:48:40.2673938-04:00" start="2019-08-17T01:48:40.4282955-04:00" finish="2019-08-17T01:48:58.4454752-04:00" />
  <TestDefinitions>
    <UnitTest name="TestMethod1" storage="c:\users\neidycita\documents\github\gol_everthamaya\tpgol\tpgol\bin\debug\tpgol.dll" id="69daf279-0084-93aa-9ef3-7f2284b2e791">
      <Css projectStructure="" iteration="" />
      <Owners>
        <Owner name="" />
      </Owners>
      <Execution id="1bf2d6bf-b52e-4f23-ba7d-aa907147f069" />
      <TestMethod codeBase="C:\Users\Neidycita\Documents\GitHub\GoL_EverthAmaya\tpGoL\tpGoL\bin\Debug\tpGoL.dll" adapterTypeName="Microsoft.VisualStudio.TestTools.TestTypes.Unit.UnitTestAdapter, Microsoft.VisualStudio.QualityTools.Tips.UnitTest.Adapter, Version=9.0.0.0, Culture=neutral, PublicKeyToken=b03f5f7f11d50a3a" className="tpGoL.UnitTest1, tpGoL" name="TestMethod1" />
    </UnitTest>
    <UnitTest name="TestGrillaVacia" storage="c:\users\neidycita\documents\github\gol_everthamaya\tpgol\tpgol\bin\debug\tpgol.dll" id="5ac29d0e-96e4-0454-4d59-7407042c1e16">
      <Css projectStructure="" iteration="" />
      <Owners>
        <Owner name="" />
      </Owners>
      <Execution id="29b13ceb-83a5-4435-bf59-4daf782394ed" />
      <TestMethod codeBase="C:\Users\Neidycita\Documents\GitHub\GoL_EverthAmaya\tpGoL\tpGoL\bin\Debug\tpGoL.dll" adapterTypeName="Microsoft.VisualStudio.TestTools.TestTypes.Unit.UnitTestAdapter, Microsoft.VisualStudio.QualityTools.Tips.UnitTest.Adapter, Version=9.0.0.0, Culture=neutral, PublicKeyToken=b03f5f7f11d50a3a" className="tpGoL.UnitTest1, tpGoL" name="TestGrillaVacia" />
    </UnitTest>
  </TestDefinitions>
  <TestLists>
    <TestList name="Results Not in a List" id="8c84fa94-04c1-424b-9868-57a2d4851a1d" />
    <TestList name="All Loaded Results" id="19431567-8539-422a-85d7-44ee4e166bda" />
  </TestLists>
  <TestEntries>
    <TestEntry testId="69daf279-0084-93aa-9ef3-7f2284b2e791" executionId="1bf2d6bf-b52e-4f23-ba7d-aa907147f069" testListId="8c84fa94-04c1-424b-9868-57a2d4851a1d" />
    <TestEntry testId="5ac29d0e-96e4-0454-4d59-7407042c1e16" executionId="298de09f-7f6c-472a-a63f-5023390a6422" testListId="8c84fa94-04c1-424b-9868-57a2d4851a1d" />
  </TestEntries>
  <Results>
    <UnitTestResult executionId="1bf2d6bf-b52e-4f23-ba7d-aa907147f069" testId="69daf279-0084-93aa-9ef3-7f2284b2e791" testName="TestMethod1" computerName="NEIDY" duration="00:00:00.0185011" startTime="2019-08-17T01:48:40.5376914-04:00" endTime="2019-08-17T01:48:40.7408192-04:00" testType="13cdc9d9-ddb5-4fa4-a97d-d965ccfc6d4b" outcome="Passed" testListId="8c84fa94-04c1-424b-9868-57a2d4851a1d">
      <Output>
      </Output>
    </UnitTestResult>
    <UnitTestResult executionId="298de09f-7f6c-472a-a63f-5023390a6422" testId="5ac29d0e-96e4-0454-4d59-7407042c1e16" testName="TestGrillaVacia" computerName="NEIDY" duration="00:00:17.7046560" startTime="2019-08-17T01:48:40.7408192-04:00" endTime="2019-08-17T01:48:58.4454752-04:00" testType="13cdc9d9-ddb5-4fa4-a97d-d965ccfc6d4b" outcome="Aborted" testListId="8c84fa94-04c1-424b-9868-57a2d4851a1d">
    </UnitTestResult>
  </Results>
</TestRun>