<?xml version="1.0" encoding="UTF-8"?>
<TestRun id="179d7b13-9466-4f35-ba57-890ac93f9423" name="Neidycita@NEIDY 2019-08-17 09:45:57" runUser="Neidy\Neidycita" xmlns="http://microsoft.com/schemas/VisualStudio/TeamTest/2006">
  <TestRunConfiguration name="Local Test Run" id="4fecd580-fa83-4c39-bfa3-6eb465bb45be">
    <Description>This is a default test run configuration for a local test run.</Description>
    <Deployment runDeploymentRoot="C:\Users\Neidycita\Documents\GitHub\GoL_EverthAmaya\tpGoL\TestResults\Neidycita_NEIDY 2019-08-17 09_45_57">
      <DeploymentItem filename="C:\Users\Neidycita\Documents\GitHub\GoL_EverthAmaya\tpGoL\caGOLeamaya\bin\Debug\caGOLeamaya.exe" />
    </Deployment>
    <TestTypeSpecific />
  </TestRunConfiguration>
  <ResultSummary outcome="Failed">
    <Counters total="5" executed="5" passed="4" error="0" failed="1" timeout="0" aborted="0" inconclusive="0" passedButRunAborted="0" notRunnable="0" notExecuted="0" disconnected="0" warning="0" completed="0" inProgress="0" pending="0" />
  </ResultSummary>
  <Times creation="2019-08-17T09:45:57.1487244-04:00" queuing="2019-08-17T09:46:15.7268795-04:00" start="2019-08-17T09:46:16.0237759-04:00" finish="2019-08-17T09:48:19.2355951-04:00" />
  <TestDefinitions>
    <UnitTest name="TestEstaVivaConDosOrTresVecinosVivos3" storage="c:\users\neidycita\documents\github\gol_everthamaya\tpgol\tpgol\bin\debug\tpgol.dll" id="26254cb1-31b8-7958-a16d-621c51643c28">
      <Css projectStructure="" iteration="" />
      <Owners>
        <Owner name="" />
      </Owners>
      <Execution id="8d60b3f1-81e0-4860-8ade-c471d2fa8cab" />
      <TestMethod codeBase="C:\Users\Neidycita\Documents\GitHub\GoL_EverthAmaya\tpGoL\tpGoL\bin\Debug\tpGoL.dll" adapterTypeName="Microsoft.VisualStudio.TestTools.TestTypes.Unit.UnitTestAdapter, Microsoft.VisualStudio.QualityTools.Tips.UnitTest.Adapter, Version=9.0.0.0, Culture=neutral, PublicKeyToken=b03f5f7f11d50a3a" className="tpGoL.UnitTest1, tpGoL" name="TestEstaVivaConDosOrTresVecinosVivos3" />
    </UnitTest>
    <UnitTest name="TestEstaVivaConMenosDeDosVecinosVivos" storage="c:\users\neidycita\documents\github\gol_everthamaya\tpgol\tpgol\bin\debug\tpgol.dll" id="050686cc-1fb9-8126-47b4-89796870e68b">
      <Css projectStructure="" iteration="" />
      <Owners>
        <Owner name="" />
      </Owners>
      <Execution id="2b685152-8ed7-4243-a676-d6bdb41a2c28" />
      <TestMethod codeBase="C:\Users\Neidycita\Documents\GitHub\GoL_EverthAmaya\tpGoL\tpGoL\bin\Debug\tpGoL.dll" adapterTypeName="Microsoft.VisualStudio.TestTools.TestTypes.Unit.UnitTestAdapter, Microsoft.VisualStudio.QualityTools.Tips.UnitTest.Adapter, Version=9.0.0.0, Culture=neutral, PublicKeyToken=b03f5f7f11d50a3a" className="tpGoL.UnitTest1, tpGoL" name="TestEstaVivaConMenosDeDosVecinosVivos" />
    </UnitTest>
    <UnitTest name="TestMethod1" storage="c:\users\neidycita\documents\github\gol_everthamaya\tpgol\tpgol\bin\debug\tpgol.dll" id="69daf279-0084-93aa-9ef3-7f2284b2e791">
      <Css projectStructure="" iteration="" />
      <Owners>
        <Owner name="" />
      </Owners>
      <Execution id="1d8ebc60-b9e4-47d6-99a9-d30ea53e8853" />
      <TestMethod codeBase="C:\Users\Neidycita\Documents\GitHub\GoL_EverthAmaya\tpGoL\tpGoL\bin\Debug\tpGoL.dll" adapterTypeName="Microsoft.VisualStudio.TestTools.TestTypes.Unit.UnitTestAdapter, Microsoft.VisualStudio.QualityTools.Tips.UnitTest.Adapter, Version=9.0.0.0, Culture=neutral, PublicKeyToken=b03f5f7f11d50a3a" className="tpGoL.UnitTest1, tpGoL" name="TestMethod1" />
    </UnitTest>
    <UnitTest name="TestGrillaVacia" storage="c:\users\neidycita\documents\github\gol_everthamaya\tpgol\tpgol\bin\debug\tpgol.dll" id="5ac29d0e-96e4-0454-4d59-7407042c1e16">
      <Css projectStructure="" iteration="" />
      <Owners>
        <Owner name="" />
      </Owners>
      <Execution id="57ed48c8-f582-41d5-83ad-9970083bbbbc" />
      <TestMethod codeBase="C:\Users\Neidycita\Documents\GitHub\GoL_EverthAmaya\tpGoL\tpGoL\bin\Debug\tpGoL.dll" adapterTypeName="Microsoft.VisualStudio.TestTools.TestTypes.Unit.UnitTestAdapter, Microsoft.VisualStudio.QualityTools.Tips.UnitTest.Adapter, Version=9.0.0.0, Culture=neutral, PublicKeyToken=b03f5f7f11d50a3a" className="tpGoL.UnitTest1, tpGoL" name="TestGrillaVacia" />
    </UnitTest>
    <UnitTest name="TestEstaVivaConDosOrTresVecinosVivos" storage="c:\users\neidycita\documents\github\gol_everthamaya\tpgol\tpgol\bin\debug\tpgol.dll" id="607063c9-5ec1-d089-74e9-62722376f246">
      <Css projectStructure="" iteration="" />
      <Owners>
        <Owner name="" />
      </Owners>
      <Execution id="580e9fbf-ba09-45a3-a8f3-4978256139d2" />
      <TestMethod codeBase="C:\Users\Neidycita\Documents\GitHub\GoL_EverthAmaya\tpGoL\tpGoL\bin\Debug\tpGoL.dll" adapterTypeName="Microsoft.VisualStudio.TestTools.TestTypes.Unit.UnitTestAdapter, Microsoft.VisualStudio.QualityTools.Tips.UnitTest.Adapter, Version=9.0.0.0, Culture=neutral, PublicKeyToken=b03f5f7f11d50a3a" className="tpGoL.UnitTest1, tpGoL" name="TestEstaVivaConDosOrTresVecinosVivos" />
    </UnitTest>
  </TestDefinitions>
  <TestLists>
    <TestList name="Results Not in a List" id="8c84fa94-04c1-424b-9868-57a2d4851a1d" />
    <TestList name="All Loaded Results" id="19431567-8539-422a-85d7-44ee4e166bda" />
  </TestLists>
  <TestEntries>
    <TestEntry testId="69daf279-0084-93aa-9ef3-7f2284b2e791" executionId="1d8ebc60-b9e4-47d6-99a9-d30ea53e8853" testListId="8c84fa94-04c1-424b-9868-57a2d4851a1d" />
    <TestEntry testId="5ac29d0e-96e4-0454-4d59-7407042c1e16" executionId="57ed48c8-f582-41d5-83ad-9970083bbbbc" testListId="8c84fa94-04c1-424b-9868-57a2d4851a1d" />
    <TestEntry testId="050686cc-1fb9-8126-47b4-89796870e68b" executionId="2b685152-8ed7-4243-a676-d6bdb41a2c28" testListId="8c84fa94-04c1-424b-9868-57a2d4851a1d" />
    <TestEntry testId="607063c9-5ec1-d089-74e9-62722376f246" executionId="580e9fbf-ba09-45a3-a8f3-4978256139d2" testListId="8c84fa94-04c1-424b-9868-57a2d4851a1d" />
    <TestEntry testId="26254cb1-31b8-7958-a16d-621c51643c28" executionId="8d60b3f1-81e0-4860-8ade-c471d2fa8cab" testListId="8c84fa94-04c1-424b-9868-57a2d4851a1d" />
  </TestEntries>
  <Results>
    <UnitTestResult executionId="1d8ebc60-b9e4-47d6-99a9-d30ea53e8853" testId="69daf279-0084-93aa-9ef3-7f2284b2e791" testName="TestMethod1" computerName="NEIDY" duration="00:00:00.0249420" startTime="2019-08-17T09:46:16.1643830-04:00" endTime="2019-08-17T09:46:16.4143926-04:00" testType="13cdc9d9-ddb5-4fa4-a97d-d965ccfc6d4b" outcome="Passed" testListId="8c84fa94-04c1-424b-9868-57a2d4851a1d">
      <Output>
      </Output>
    </UnitTestResult>
    <UnitTestResult executionId="57ed48c8-f582-41d5-83ad-9970083bbbbc" testId="5ac29d0e-96e4-0454-4d59-7407042c1e16" testName="TestGrillaVacia" computerName="NEIDY" duration="00:00:00.0016114" startTime="2019-08-17T09:46:16.4456366-04:00" endTime="2019-08-17T09:46:16.4859704-04:00" testType="13cdc9d9-ddb5-4fa4-a97d-d965ccfc6d4b" outcome="Passed" testListId="8c84fa94-04c1-424b-9868-57a2d4851a1d">
      <Output>
      </Output>
    </UnitTestResult>
    <UnitTestResult executionId="2b685152-8ed7-4243-a676-d6bdb41a2c28" testId="050686cc-1fb9-8126-47b4-89796870e68b" testName="TestEstaVivaConMenosDeDosVecinosVivos" computerName="NEIDY" duration="00:00:00.0014518" startTime="2019-08-17T09:46:16.5172370-04:00" endTime="2019-08-17T09:46:16.5172370-04:00" testType="13cdc9d9-ddb5-4fa4-a97d-d965ccfc6d4b" outcome="Passed" testListId="8c84fa94-04c1-424b-9868-57a2d4851a1d">
      <Output>
      </Output>
    </UnitTestResult>
    <UnitTestResult executionId="580e9fbf-ba09-45a3-a8f3-4978256139d2" testId="607063c9-5ec1-d089-74e9-62722376f246" testName="TestEstaVivaConDosOrTresVecinosVivos" computerName="NEIDY" duration="00:00:00.0004101" startTime="2019-08-17T09:46:16.5172370-04:00" endTime="2019-08-17T09:46:16.5328609-04:00" testType="13cdc9d9-ddb5-4fa4-a97d-d965ccfc6d4b" outcome="Passed" testListId="8c84fa94-04c1-424b-9868-57a2d4851a1d">
      <Output>
      </Output>
    </UnitTestResult>
    <UnitTestResult executionId="8d60b3f1-81e0-4860-8ade-c471d2fa8cab" testId="26254cb1-31b8-7958-a16d-621c51643c28" testName="TestEstaVivaConDosOrTresVecinosVivos3" computerName="NEIDY" duration="00:02:02.4347378" startTime="2019-08-17T09:46:16.5328609-04:00" endTime="2019-08-17T09:48:18.9698085-04:00" testType="13cdc9d9-ddb5-4fa4-a97d-d965ccfc6d4b" outcome="Failed" testListId="8c84fa94-04c1-424b-9868-57a2d4851a1d">
      <Output>
        <ErrorInfo>
          <Message>Assert.AreEqual failed. Expected:&lt;3&gt;. Actual:&lt;2&gt;. </Message>
          <StackTrace>   en tpGoL.UnitTest1.TestEstaVivaConDosOrTresVecinosVivos3() en C:\Users\Neidycita\Documents\GitHub\GoL_EverthAmaya\tpGoL\tpGoL\UnitTest1.cs:línea 228
</StackTrace>
        </ErrorInfo>
      </Output>
    </UnitTestResult>
  </Results>
</TestRun>