<?xml version="1.0" encoding="UTF-8"?>
<TestRun id="29171d29-2e8c-498a-9e6c-0bb2a5ca0a5d" name="Neidycita@NEIDY 2019-08-17 00:25:58" runUser="Neidy\Neidycita" xmlns="http://microsoft.com/schemas/VisualStudio/TeamTest/2006">
  <TestRunConfiguration name="Local Test Run" id="4fecd580-fa83-4c39-bfa3-6eb465bb45be">
    <Description>This is a default test run configuration for a local test run.</Description>
    <Deployment runDeploymentRoot="C:\Users\Neidycita\Documents\Visual Studio 2008\Projects\tpGoL\TestResults\Neidycita_NEIDY 2019-08-17 00_25_58">
      <DeploymentItem filename="C:\Users\Neidycita\Documents\Visual Studio 2008\Projects\tpGoL\caGOLeamaya\bin\Debug\caGOLeamaya.exe" />
    </Deployment>
    <TestTypeSpecific />
  </TestRunConfiguration>
  <ResultSummary outcome="Failed">
    <Counters total="2" executed="2" passed="1" error="0" failed="1" timeout="0" aborted="0" inconclusive="0" passedButRunAborted="0" notRunnable="0" notExecuted="0" disconnected="0" warning="0" completed="0" inProgress="0" pending="0" />
  </ResultSummary>
  <Times creation="2019-08-17T00:25:58.0168893-04:00" queuing="2019-08-17T00:25:58.9775914-04:00" start="2019-08-17T00:25:59.1181987-04:00" finish="2019-08-17T00:25:59.6182156-04:00" />
  <TestDefinitions>
    <UnitTest name="TestMethod1" storage="c:\users\neidycita\documents\visual studio 2008\projects\tpgol\tpgol\bin\debug\tpgol.dll" id="69daf279-0084-93aa-9ef3-7f2284b2e791">
      <Css projectStructure="" iteration="" />
      <Owners>
        <Owner name="" />
      </Owners>
      <Execution id="d1bb583f-ff5e-4c37-a968-1c37fdccb627" />
      <TestMethod codeBase="C:\Users\Neidycita\Documents\Visual Studio 2008\Projects\tpGoL\tpGoL\bin\Debug\tpGoL.dll" adapterTypeName="Microsoft.VisualStudio.TestTools.TestTypes.Unit.UnitTestAdapter, Microsoft.VisualStudio.QualityTools.Tips.UnitTest.Adapter, Version=9.0.0.0, Culture=neutral, PublicKeyToken=b03f5f7f11d50a3a" className="tpGoL.UnitTest1, tpGoL" name="TestMethod1" />
    </UnitTest>
    <UnitTest name="TestMethod2" storage="c:\users\neidycita\documents\visual studio 2008\projects\tpgol\tpgol\bin\debug\tpgol.dll" id="e0870f3a-5b31-de7b-5e5b-10b3cb5dd473">
      <Css projectStructure="" iteration="" />
      <Owners>
        <Owner name="" />
      </Owners>
      <Execution id="75700588-9880-49a6-ae26-3ab35960099a" />
      <TestMethod codeBase="C:\Users\Neidycita\Documents\Visual Studio 2008\Projects\tpGoL\tpGoL\bin\Debug\tpGoL.dll" adapterTypeName="Microsoft.VisualStudio.TestTools.TestTypes.Unit.UnitTestAdapter, Microsoft.VisualStudio.QualityTools.Tips.UnitTest.Adapter, Version=9.0.0.0, Culture=neutral, PublicKeyToken=b03f5f7f11d50a3a" className="tpGoL.UnitTest1, tpGoL" name="TestMethod2" />
    </UnitTest>
  </TestDefinitions>
  <TestLists>
    <TestList name="Results Not in a List" id="8c84fa94-04c1-424b-9868-57a2d4851a1d" />
    <TestList name="All Loaded Results" id="19431567-8539-422a-85d7-44ee4e166bda" />
  </TestLists>
  <TestEntries>
    <TestEntry testId="69daf279-0084-93aa-9ef3-7f2284b2e791" executionId="d1bb583f-ff5e-4c37-a968-1c37fdccb627" testListId="8c84fa94-04c1-424b-9868-57a2d4851a1d" />
    <TestEntry testId="e0870f3a-5b31-de7b-5e5b-10b3cb5dd473" executionId="75700588-9880-49a6-ae26-3ab35960099a" testListId="8c84fa94-04c1-424b-9868-57a2d4851a1d" />
  </TestEntries>
  <Results>
    <UnitTestResult executionId="d1bb583f-ff5e-4c37-a968-1c37fdccb627" testId="69daf279-0084-93aa-9ef3-7f2284b2e791" testName="TestMethod1" computerName="NEIDY" duration="00:00:00.0170231" startTime="2019-08-17T00:25:59.2275763-04:00" endTime="2019-08-17T00:25:59.4150968-04:00" testType="13cdc9d9-ddb5-4fa4-a97d-d965ccfc6d4b" outcome="Passed" testListId="8c84fa94-04c1-424b-9868-57a2d4851a1d">
      <Output>
      </Output>
    </UnitTestResult>
    <UnitTestResult executionId="75700588-9880-49a6-ae26-3ab35960099a" testId="e0870f3a-5b31-de7b-5e5b-10b3cb5dd473" testName="TestMethod2" computerName="NEIDY" duration="00:00:00.0240567" startTime="2019-08-17T00:25:59.4619540-04:00" endTime="2019-08-17T00:25:59.4932082-04:00" testType="13cdc9d9-ddb5-4fa4-a97d-d965ccfc6d4b" outcome="Failed" testListId="8c84fa94-04c1-424b-9868-57a2d4851a1d">
      <Output>
        <ErrorInfo>
          <Message>Assert.AreEqual failed. Expected:&lt;Hello&gt;. Actual:&lt;Hello1&gt;. </Message>
          <StackTrace>   en tpGoL.UnitTest1.TestMethod2() en C:\Users\Neidycita\Documents\Visual Studio 2008\Projects\tpGoL\tpGoL\UnitTest1.cs:línea 87
</StackTrace>
        </ErrorInfo>
      </Output>
    </UnitTestResult>
  </Results>
</TestRun>